2021-11-15, 12:58:28 | INFO
Starting main program execution.
2021-11-15, 12:58:34 | INFO
Sucesfully finished main program execution.
2021-11-15, 12:58:36 | INFO
Starting main program execution.
2021-11-15, 12:58:55 | INFO
Sucesfully finished main program execution.
2021-11-15, 12:58:58 | INFO
Starting main program execution.
2021-11-15, 12:59:40 | INFO
Sucesfully finished main program execution.
2021-11-15, 13:00:17 | INFO
Starting main program execution.
2021-11-15, 13:00:47 | INFO
Sucesfully finished main program execution.
2021-11-15, 13:00:51 | INFO
Starting main program execution.
2021-11-15, 13:00:51 | WARNING
Unable to find stress for word fgfg. Analyzing with no stress markers.
2021-11-15, 13:01:05 | INFO
Sucesfully finished main program execution.
